  pch.cpp
  Backtracking.cpp
C:\Users\albertceballos\source\repos\GRAPH APLICATION PROBABILISTICS\GraphApplication\Backtracking.cpp(33,12): error C2039: "m_Used": no es un miembro de "CEdge"
C:\Users\albertceballos\source\repos\GRAPH APLICATION PROBABILISTICS\GraphApplication\Graph.h(329): message : vea la declaración de 'CEdge'
C:\Users\albertceballos\source\repos\GRAPH APLICATION PROBABILISTICS\GraphApplication\Backtracking.cpp(51,12): error C2039: "m_Used": no es un miembro de "CEdge"
C:\Users\albertceballos\source\repos\GRAPH APLICATION PROBABILISTICS\GraphApplication\Graph.h(329): message : vea la declaración de 'CEdge'
C:\Users\albertceballos\source\repos\GRAPH APLICATION PROBABILISTICS\GraphApplication\Backtracking.cpp(53,8): error C2039: "m_Used": no es un miembro de "CEdge"
C:\Users\albertceballos\source\repos\GRAPH APLICATION PROBABILISTICS\GraphApplication\Graph.h(329): message : vea la declaración de 'CEdge'
C:\Users\albertceballos\source\repos\GRAPH APLICATION PROBABILISTICS\GraphApplication\Backtracking.cpp(63,9): error C2039: "m_Used": no es un miembro de "CEdge"
C:\Users\albertceballos\source\repos\GRAPH APLICATION PROBABILISTICS\GraphApplication\Graph.h(329): message : vea la declaración de 'CEdge'
C:\Users\albertceballos\source\repos\GRAPH APLICATION PROBABILISTICS\GraphApplication\Backtracking.cpp(86,6): error C2039: "m_Used": no es un miembro de "CEdge"
C:\Users\albertceballos\source\repos\GRAPH APLICATION PROBABILISTICS\GraphApplication\Graph.h(329): message : vea la declaración de 'CEdge'
C:\Users\albertceballos\source\repos\GRAPH APLICATION PROBABILISTICS\GraphApplication\Backtracking.cpp(203,6): error C2039: "m_Used": no es un miembro de "CEdge"
C:\Users\albertceballos\source\repos\GRAPH APLICATION PROBABILISTICS\GraphApplication\Graph.h(329): message : vea la declaración de 'CEdge'
  Backtracking_INICI_DESTI.cpp
  BranchAndBound.cpp
C:\Users\albertceballos\source\repos\GRAPH APLICATION PROBABILISTICS\GraphApplication\BranchAndBound.cpp(6,10): fatal  error C1083: No se puede abrir el archivo incluir: 'MAtrix.h': No such file or directory
  BranchAndBound_INICI_DESTI.cpp
  CEditEdgeDlg.cpp
  CEditVertexDlg.cpp
  CGraphCtrl.cpp
C:\Users\albertceballos\source\repos\GRAPH APLICATION PROBABILISTICS\GraphApplication\CGraphCtrl.cpp(490,104): warning C4244: 'argumento': conversión de 'double' a 'int'; posible pérdida de datos
C:\Users\albertceballos\source\repos\GRAPH APLICATION PROBABILISTICS\GraphApplication\CGraphCtrl.cpp(490,76): warning C4244: 'argumento': conversión de 'double' a 'int'; posible pérdida de datos
C:\Users\albertceballos\source\repos\GRAPH APLICATION PROBABILISTICS\GraphApplication\CGraphCtrl.cpp(490,48): warning C4244: 'argumento': conversión de 'double' a 'int'; posible pérdida de datos
C:\Users\albertceballos\source\repos\GRAPH APLICATION PROBABILISTICS\GraphApplication\CGraphCtrl.cpp(490,22): warning C4244: 'argumento': conversión de 'double' a 'int'; posible pérdida de datos
C:\Users\albertceballos\source\repos\GRAPH APLICATION PROBABILISTICS\GraphApplication\CGraphCtrl.cpp(497,106): warning C4244: 'argumento': conversión de 'double' a 'int'; posible pérdida de datos
C:\Users\albertceballos\source\repos\GRAPH APLICATION PROBABILISTICS\GraphApplication\CGraphCtrl.cpp(497,78): warning C4244: 'argumento': conversión de 'double' a 'int'; posible pérdida de datos
C:\Users\albertceballos\source\repos\GRAPH APLICATION PROBABILISTICS\GraphApplication\CGraphCtrl.cpp(497,50): warning C4244: 'argumento': conversión de 'double' a 'int'; posible pérdida de datos
C:\Users\albertceballos\source\repos\GRAPH APLICATION PROBABILISTICS\GraphApplication\CGraphCtrl.cpp(497,22): warning C4244: 'argumento': conversión de 'double' a 'int'; posible pérdida de datos
C:\Users\albertceballos\source\repos\GRAPH APLICATION PROBABILISTICS\GraphApplication\CGraphCtrl.cpp(504,104): warning C4244: 'argumento': conversión de 'double' a 'int'; posible pérdida de datos
C:\Users\albertceballos\source\repos\GRAPH APLICATION PROBABILISTICS\GraphApplication\CGraphCtrl.cpp(504,76): warning C4244: 'argumento': conversión de 'double' a 'int'; posible pérdida de datos
C:\Users\albertceballos\source\repos\GRAPH APLICATION PROBABILISTICS\GraphApplication\CGraphCtrl.cpp(504,48): warning C4244: 'argumento': conversión de 'double' a 'int'; posible pérdida de datos
C:\Users\albertceballos\source\repos\GRAPH APLICATION PROBABILISTICS\GraphApplication\CGraphCtrl.cpp(504,20): warning C4244: 'argumento': conversión de 'double' a 'int'; posible pérdida de datos
  CGraphDimensionsDlg.cpp
  CGridGraphDlg.cpp
  ConvexHull.cpp
  CVImage.cpp
C:\Users\albertceballos\source\repos\GRAPH APLICATION PROBABILISTICS\GraphApplication\CVImage.cpp(230,20): warning C4018: '<': no coinciden signed/unsigned
C:\Users\albertceballos\source\repos\GRAPH APLICATION PROBABILISTICS\GraphApplication\CVImage.cpp(233,21): warning C4018: '<': no coinciden signed/unsigned
C:\Users\albertceballos\source\repos\GRAPH APLICATION PROBABILISTICS\GraphApplication\CVImage.cpp(1096,17): warning C4018: '<': no coinciden signed/unsigned
C:\Users\albertceballos\source\repos\GRAPH APLICATION PROBABILISTICS\GraphApplication\CVImage.cpp(1099,18): warning C4018: '<': no coinciden signed/unsigned
C:\Users\albertceballos\source\repos\GRAPH APLICATION PROBABILISTICS\GraphApplication\CVImage.cpp(1107,17): warning C4018: '<': no coinciden signed/unsigned
C:\Users\albertceballos\source\repos\GRAPH APLICATION PROBABILISTICS\GraphApplication\CVImage.cpp(1110,18): warning C4018: '<': no coinciden signed/unsigned
C:\Users\albertceballos\source\repos\GRAPH APLICATION PROBABILISTICS\GraphApplication\CVImage.cpp(1130,17): warning C4018: '<': no coinciden signed/unsigned
C:\Users\albertceballos\source\repos\GRAPH APLICATION PROBABILISTICS\GraphApplication\CVImage.cpp(1133,18): warning C4018: '<': no coinciden signed/unsigned
C:\Users\albertceballos\source\repos\GRAPH APLICATION PROBABILISTICS\GraphApplication\CVImage.cpp(1141,17): warning C4018: '<': no coinciden signed/unsigned
C:\Users\albertceballos\source\repos\GRAPH APLICATION PROBABILISTICS\GraphApplication\CVImage.cpp(1144,18): warning C4018: '<': no coinciden signed/unsigned
C:\Users\albertceballos\source\repos\GRAPH APLICATION PROBABILISTICS\GraphApplication\CVImage.cpp(1164,17): warning C4018: '<': no coinciden signed/unsigned
C:\Users\albertceballos\source\repos\GRAPH APLICATION PROBABILISTICS\GraphApplication\CVImage.cpp(1167,18): warning C4018: '<': no coinciden signed/unsigned
C:\Users\albertceballos\source\repos\GRAPH APLICATION PROBABILISTICS\GraphApplication\CVImage.cpp(1175,17): warning C4018: '<': no coinciden signed/unsigned
C:\Users\albertceballos\source\repos\GRAPH APLICATION PROBABILISTICS\GraphApplication\CVImage.cpp(1178,18): warning C4018: '<': no coinciden signed/unsigned
C:\Users\albertceballos\source\repos\GRAPH APLICATION PROBABILISTICS\GraphApplication\CVImage.cpp(1198,17): warning C4018: '<': no coinciden signed/unsigned
C:\Users\albertceballos\source\repos\GRAPH APLICATION PROBABILISTICS\GraphApplication\CVImage.cpp(1201,18): warning C4018: '<': no coinciden signed/unsigned
C:\Users\albertceballos\source\repos\GRAPH APLICATION PROBABILISTICS\GraphApplication\CVImage.cpp(1209,17): warning C4018: '<': no coinciden signed/unsigned
C:\Users\albertceballos\source\repos\GRAPH APLICATION PROBABILISTICS\GraphApplication\CVImage.cpp(1212,18): warning C4018: '<': no coinciden signed/unsigned
  CVisitsDimensionsDlg.cpp
  Dijkstra.cpp
C:\Users\albertceballos\source\repos\GRAPH APLICATION PROBABILISTICS\GraphApplication\Dijkstra.cpp(20,6): warning C4101: 'indice_pActual': variable local sin referencia
  DynamicProgramming.cpp
  Graph.cpp
  GraphApplication.cpp
  GraphApplicationDlg.cpp
  Greedy.cpp
  Logs.cpp
  Probabilistic.cpp
  Compilando...
  ProgramacioDinamica_INICI_DESTI.cpp
  SpanningTreeKruskal.cpp
  SpanningTreePrim.cpp
